[20:16:36] [ServerMain/INFO]: [bootstrap] Running Java 21 (OpenJDK 64-Bit Server VM 21.0.6+7-Ubuntu-120.04.1; Ubuntu null) on Linux 6.8.0-1021-azure (amd64)
[20:16:36] [ServerMain/INFO]: [bootstrap] Loading Paper 1.21.3-63-master@4190ee7 (2024-11-25T18:59:19Z) for Minecraft 1.21.3
[20:16:36] [ServerMain/INFO]: [PluginInitializerManager] Initializing plugins...
[20:16:37] [ServerMain/INFO]: [PluginInitializerManager] Initialized 3 plugins
[20:16:37] [ServerMain/INFO]: [PluginInitializerManager] Bukkit plugins (3):
 - Geyser-Spigot (2.6.1-SNAPSHOT), ViaVersion (5.2.1), floodgate (2.2.4-SNAPSHOT (b116-0e3163c))
[20:16:43] [ServerMain/INFO]: Environment: Environment[sessionHost=https://sessionserver.mojang.com, servicesHost=https://api.minecraftservices.com, name=PROD]
[20:16:46] [ServerMain/INFO]: Loaded 1337 recipes
[20:16:46] [ServerMain/INFO]: Loaded 1448 advancements
[20:16:46] [Server thread/INFO]: Starting minecraft server version 1.21.3
[20:16:46] [Server thread/INFO]: Loading properties
[20:16:46] [Server thread/INFO]: This server is running Paper version 1.21.3-63-master@4190ee7 (2024-11-25T18:59:19Z) (Implementing API version 1.21.3-R0.1-SNAPSHOT)
[20:16:47] [Server thread/INFO]: [spark] This server bundles the spark profiler. For more information please visit https://docs.papermc.io/paper/profiling
[20:16:47] [Server thread/INFO]: Server Ping Player Sample Count: 12
[20:16:47] [Server thread/INFO]: Using 4 threads for Netty based IO
[20:16:48] [Server thread/INFO]: [MoonriseCommon] Paper is using 1 worker threads, 1 I/O threads
[20:16:48] [Server thread/INFO]: [ChunkTaskScheduler] Chunk system is using population gen parallelism: true
[20:16:49] [Server thread/INFO]: Default game type: SURVIVAL
[20:16:49] [Server thread/INFO]: Generating keypair
[20:16:49] [Server thread/INFO]: Starting Minecraft server on *:25565
[20:16:50] [Server thread/INFO]: Using epoll channel type
[20:16:50] [Server thread/INFO]: Paper: Using libdeflate (Linux x86_64) compression from Velocity.
[20:16:50] [Server thread/INFO]: Paper: Using OpenSSL 1.1.x (Linux x86_64) cipher from Velocity.
[20:16:51] [Server thread/INFO]: [floodgate] Loading server plugin floodgate v2.2.4-SNAPSHOT (b116-0e3163c)
[20:16:52] [Server thread/WARN]: [floodgate] en_ is not a supported Floodgate language.
[20:16:52] [Server thread/INFO]: [floodgate] Took 1,071ms to boot Floodgate
[20:16:52] [Server thread/INFO]: [ViaVersion] Loading server plugin ViaVersion v5.2.1
[20:16:52] [Server thread/INFO]: [ViaVersion] ViaVersion 5.2.1 is now loaded. Registering protocol transformers and injecting...
[20:16:53] [Via-Mappingloader-0/INFO]: [ViaVersion] Loading block connection mappings ...
[20:16:54] [Via-Mappingloader-0/INFO]: [ViaVersion] Using FastUtil Long2ObjectOpenHashMap for block connections
[20:16:54] [Server thread/INFO]: [Geyser-Spigot] Loading server plugin Geyser-Spigot v2.6.1-SNAPSHOT
[20:16:55] [Server thread/INFO]: [Geyser-Spigot] Loading extensions...
[20:16:55] [Server thread/INFO]: [Geyser-Spigot] Loaded 0 extension(s)
[20:16:55] [Server thread/INFO]: Server permissions file permissions.yml is empty, ignoring it
[20:16:55] [Server thread/WARN]: **** SERVER IS RUNNING IN OFFLINE/INSECURE MODE!
[20:16:55] [Server thread/WARN]: The server will make no attempt to authenticate usernames. Beware.
[20:16:55] [Server thread/WARN]: While this makes the game possible to play without internet access, it also opens up the ability for hackers to connect with any username they choose.
[20:16:55] [Server thread/WARN]: To change this, set "online-mode" to "true" in the server.properties file.
[20:16:55] [Server thread/INFO]: Preparing level "world"
[20:16:55] [Server thread/INFO]: Preparing start region for dimension minecraft:overworld
[20:16:56] [Paper Common Worker #0/INFO]: [MCTypeRegistry] Initialising converters for DataConverter...
[20:16:57] [Paper Common Worker #0/INFO]: [MCTypeRegistry] Finished initialising converters for DataConverter in 624.7ms
[20:16:57] [Server thread/INFO]: Preparing spawn area: 0%
[20:16:57] [Server thread/INFO]: Preparing spawn area: 0%
[20:16:57] [Server thread/INFO]: Preparing spawn area: 0%
[20:16:58] [Server thread/INFO]: Preparing spawn area: 0%
[20:16:58] [Server thread/INFO]: Preparing spawn area: 0%
[20:16:58] [Server thread/INFO]: Time elapsed: 2477 ms
[20:16:58] [Server thread/INFO]: Preparing start region for dimension minecraft:the_nether
[20:16:58] [Server thread/INFO]: Preparing spawn area: 0%
[20:16:58] [Server thread/INFO]: Time elapsed: 342 ms
[20:16:58] [Server thread/INFO]: Preparing start region for dimension minecraft:the_end
[20:16:58] [Server thread/INFO]: Preparing spawn area: 0%
[20:16:58] [Server thread/INFO]: Time elapsed: 144 ms
[20:16:58] [Server thread/INFO]: [floodgate] Enabling floodgate v2.2.4-SNAPSHOT (b116-0e3163c)
[20:16:59] [Server thread/INFO]: [ViaVersion] Enabling ViaVersion v5.2.1
[20:16:59] [Server thread/INFO]: [ViaVersion] ViaVersion detected server version: 1.21.2-1.21.3 (768)
[20:16:59] [Server thread/INFO]: [Geyser-Spigot] Enabling Geyser-Spigot v2.6.1-SNAPSHOT
[20:17:00] [Server thread/INFO]: [spark] Starting background profiler...
[20:17:00] [Server thread/INFO]: [Geyser-Spigot] ******************************************
[20:17:00] [Server thread/INFO]: [Geyser-Spigot] 
[20:17:00] [Server thread/INFO]: [Geyser-Spigot] Loading Geyser version 2.6.1-b785 (git-master-f27290a)
[20:17:00] [Server thread/INFO]: [Geyser-Spigot] 
[20:17:00] [Server thread/INFO]: [Geyser-Spigot] ******************************************
[20:17:09] [epollEventLoopGroup-3-1/INFO]: [Geyser-Spigot] Started Geyser on UDP port 3996
[20:17:09] [Server thread/INFO]: [Geyser-Spigot] Done (8.59s)! Run /geyser help for help!
[20:17:09] [Server thread/INFO]: Done preparing level "world" (14.557s)
[20:17:09] [Server thread/INFO]: Running delayed init tasks
[20:17:09] [Craft Scheduler Thread - 2 - ViaVersion/INFO]: [ViaVersion] Finished mapping loading, shutting down loader executor.
[20:17:09] [Server thread/INFO]: Done (35.094s)! For help, type "help"
[20:18:09] [Server thread/INFO]: Server empty for 60 seconds, pausing
[20:18:18] [User Authenticator #0/INFO]: UUID of player jesus is 2b89c787-307c-38e0-9c48-4ebbc9f0b162
[20:18:20] [Server thread/INFO]: jesus joined the game
[20:18:20] [Server thread/INFO]: jesus[/127.59.219.233:59873] logged in with entity id 124 at ([world]-555.9732607165726, 66.0, -677.6382838358629)
[20:21:32] [epollEventLoopGroup-4-1/INFO]: [Geyser-Spigot] Player connected with username yisuzk
[20:21:32] [localSession-7-2/INFO]: [Geyser-Spigot] yisuzk (logged in as: yisuzk) has connected to the Java server
[20:21:33] [Server thread/INFO]: [floodgate] Floodgate player logged in as .yisuzk joined (UUID: 00000000-0000-0000-0009-01f82a1df331)
[20:21:33] [Server thread/INFO]: .yisuzk joined the game
[20:21:33] [Server thread/INFO]: .yisuzk[/127.0.0.1:0] logged in with entity id 704 at ([world]-587.5, 65.0, -651.5)
[20:21:56] [localSession-7-2/INFO]: [Geyser-Spigot] yisuzk has disconnected from the Java server because of Bedrock client timed out
[20:21:56] [Geyser Spigot connection thread-6-3/INFO]: [floodgate] Floodgate player logged in as .yisuzk disconnected
[20:21:56] [Server thread/INFO]: .yisuzk lost connection: Disconnected
[20:21:56] [Server thread/INFO]: .yisuzk left the game
[20:22:57] [epollEventLoopGroup-4-2/INFO]: [Geyser-Spigot] Bedrock user with ip: /127.0.0.1 has disconnected for reason Bedrock client timed out
[20:23:12] [Server thread/INFO]: jesus lost connection: Disconnected
[20:23:12] [Server thread/INFO]: jesus left the game
[20:23:24] [epollEventLoopGroup-4-3/INFO]: [Geyser-Spigot] Player connected with username yisuzk
[20:23:24] [localSession-7-3/INFO]: [Geyser-Spigot] yisuzk (logged in as: yisuzk) has connected to the Java server
[20:23:24] [Server thread/INFO]: [floodgate] Floodgate player logged in as .yisuzk joined (UUID: 00000000-0000-0000-0009-01f82a1df331)
[20:23:25] [Server thread/INFO]: .yisuzk joined the game
[20:23:25] [Server thread/INFO]: .yisuzk[/127.0.0.1:0] logged in with entity id 917 at ([world]-587.5, 65.0, -651.5)
[20:24:02] [Geyser Spigot connection thread-6-4/INFO]: [floodgate] Floodgate player logged in as .yisuzk disconnected
[20:24:02] [localSession-7-3/INFO]: [Geyser-Spigot] yisuzk has disconnected from the Java server because of Bedrock client timed out
[20:24:02] [Server thread/INFO]: .yisuzk lost connection: Disconnected
[20:24:02] [Server thread/INFO]: .yisuzk left the game
[20:25:02] [Server thread/INFO]: Server empty for 60 seconds, pausing
[20:27:09] [Server thread/INFO]: Stopping the server
[20:27:09] [Server thread/INFO]: Stopping server
[20:27:09] [Server thread/INFO]: [Geyser-Spigot] Disabling Geyser-Spigot v2.6.1-SNAPSHOT
[20:27:09] [Server thread/INFO]: [Geyser-Spigot] Shutting down Geyser.
[20:27:09] [Server thread/INFO]: [Geyser-Spigot] Geyser shutdown successfully.
[20:27:09] [Server thread/INFO]: [ViaVersion] Disabling ViaVersion v5.2.1
[20:27:09] [Server thread/INFO]: [ViaVersion] ViaVersion has been disabled; uninjected the platform and shut down the scheduler.
[20:27:09] [Server thread/INFO]: [floodgate] Disabling floodgate v2.2.4-SNAPSHOT (b116-0e3163c)
[20:27:09] [Server thread/INFO]: Saving players
[20:27:09] [Server thread/INFO]: Saving worlds
[20:27:09] [Server thread/INFO]: Saving chunks for level 'ServerLevel[world]'/minecraft:overworld
[20:27:09] [Server thread/INFO]: [ChunkHolderManager] Waiting 60s for chunk system to halt for world 'world'
[20:27:09] [Server thread/INFO]: [ChunkHolderManager] Halted chunk system for world 'world'
[20:27:09] [Server thread/INFO]: [ChunkHolderManager] Saving all chunkholders for world 'world'
[20:27:09] [WebSocketConnectReadThread-83/INFO]: [Geyser-Spigot] The skin uploader has been closed
[20:27:09] [Server thread/INFO]: [ChunkHolderManager] Saved 131 block chunks, 75 entity chunks, 0 poi chunks in world 'world' in 0.25s
[20:27:09] [Server thread/INFO]: [ChunkHolderManager] Waiting 60s for chunk I/O to halt for world 'world'
[20:27:09] [Server thread/INFO]: [ChunkHolderManager] Halted I/O scheduler for world 'world'
[20:27:09] [Server thread/INFO]: Saving chunks for level 'ServerLevel[world_nether]'/minecraft:the_nether
[20:27:09] [Server thread/INFO]: [ChunkHolderManager] Waiting 60s for chunk system to halt for world 'world_nether'
[20:27:09] [Server thread/INFO]: [ChunkHolderManager] Halted chunk system for world 'world_nether'
[20:27:09] [Server thread/INFO]: [ChunkHolderManager] Saving all chunkholders for world 'world_nether'
[20:27:09] [Server thread/INFO]: [ChunkHolderManager] Saved 0 block chunks, 3 entity chunks, 0 poi chunks in world 'world_nether' in 0.01s
[20:27:09] [Server thread/INFO]: [ChunkHolderManager] Waiting 60s for chunk I/O to halt for world 'world_nether'
[20:27:09] [Server thread/INFO]: [ChunkHolderManager] Halted I/O scheduler for world 'world_nether'
[20:27:09] [Server thread/INFO]: Saving chunks for level 'ServerLevel[world_the_end]'/minecraft:the_end
[20:27:09] [Server thread/INFO]: [ChunkHolderManager] Waiting 60s for chunk system to halt for world 'world_the_end'
[20:27:09] [Server thread/INFO]: [ChunkHolderManager] Halted chunk system for world 'world_the_end'
[20:27:09] [Server thread/INFO]: [ChunkHolderManager] Saving all chunkholders for world 'world_the_end'
[20:27:09] [Server thread/INFO]: [ChunkHolderManager] Saved 0 block chunks, 0 entity chunks, 0 poi chunks in world 'world_the_end' in 0.00s
[20:27:09] [Server thread/INFO]: [ChunkHolderManager] Waiting 60s for chunk I/O to halt for world 'world_the_end'
[20:27:09] [Server thread/INFO]: [ChunkHolderManager] Halted I/O scheduler for world 'world_the_end'
[20:27:09] [Server thread/INFO]: ThreadedAnvilChunkStorage (world): All chunks are saved
[20:27:09] [Server thread/INFO]: ThreadedAnvilChunkStorage (DIM-1): All chunks are saved
[20:27:09] [Server thread/INFO]: ThreadedAnvilChunkStorage (DIM1): All chunks are saved
[20:27:09] [Server thread/INFO]: ThreadedAnvilChunkStorage: All dimensions are saved
[20:27:09] [Server thread/INFO]: Waiting for I/O tasks to complete...
[20:27:09] [Server thread/INFO]: All I/O tasks to complete
[20:27:09] [Server thread/INFO]: [MoonriseCommon] Awaiting termination of worker pool for up to 60s...
[20:27:09] [Server thread/INFO]: [MoonriseCommon] Awaiting termination of I/O pool for up to 60s...
